<?xml version="1.0" encoding="UTF-8"?>
<!-- Generated by org.testng.reporters.JUnitReportReporter -->
<testsuite skipped="0" hostname="balajis-mbp" name="com.slk.test.LoginTest" tests="2" failures="0" timestamp="2020-09-05T19:16:46 IST" time="17.959" errors="0">
  <testcase name="validCredentialTest" time="9.474" classname="com.slk.test.LoginTest"/>
  <system-out/>
  <testcase name="validCredentialTest" time="8.485" classname="com.slk.test.LoginTest"/>
  <system-out/>
</testsuite> <!-- com.slk.test.LoginTest -->
