<?xml version="1.0" encoding="UTF-8"?>
<!-- Generated by org.testng.reporters.JUnitReportReporter -->
<testsuite skipped="0" hostname="balajis-mbp" name="com.slk.test.DemoTest" tests="2" failures="0" timestamp="2020-09-07T21:18:14 IST" time="36.194" errors="0">
  <testcase name="createNewPatientTest" time="19.916" classname="com.slk.test.DemoTest"/>
  <system-out/>
  <testcase name="createNewPatientTest" time="16.278" classname="com.slk.test.DemoTest"/>
  <system-out/>
</testsuite> <!-- com.slk.test.DemoTest -->
