<?xml version="1.0" encoding="UTF-8"?>
<!-- Generated by org.testng.reporters.JUnitReportReporter -->
<testsuite skipped="0" hostname="balajis-mbp" name="com.slk.test.AddPatientTest" tests="1" failures="0" timestamp="2020-09-07T21:45:51 IST" time="9.271" errors="0">
  <testcase name="createNewPatientTest" time="9.271" classname="com.slk.test.AddPatientTest"/>
  <system-out/>
</testsuite> <!-- com.slk.test.AddPatientTest -->
